2018-06-28 00:01:28.667  INFO 6424 --- [http-nio-8769-exec-6] s.c.a.AnnotationConfigApplicationContext : Refreshing org.springframework.context.annotation.AnnotationConfigApplicationContext@87f030b: startup date [Thu Jun 28 00:01:28 CST 2018]; root of context hierarchy
2018-06-28 00:01:28.667  INFO 6424 --- [http-nio-8769-exec-7] s.c.a.AnnotationConfigApplicationContext : Refreshing org.springframework.context.annotation.AnnotationConfigApplicationContext@7f867d13: startup date [Thu Jun 28 00:01:28 CST 2018]; root of context hierarchy
2018-06-28 00:01:28.681  INFO 6424 --- [http-nio-8769-exec-7] o.s.c.c.s.e.NativeEnvironmentRepository  : Adding property source: classpath:/shared/gateway-service-pro.yml
2018-06-28 00:01:28.681  INFO 6424 --- [http-nio-8769-exec-7] s.c.a.AnnotationConfigApplicationContext : Closing org.springframework.context.annotation.AnnotationConfigApplicationContext@7f867d13: startup date [Thu Jun 28 00:01:28 CST 2018]; root of context hierarchy
2018-06-28 00:01:28.681  INFO 6424 --- [http-nio-8769-exec-6] o.s.c.c.s.e.NativeEnvironmentRepository  : Adding property source: classpath:/shared/monitoring-service-pro.yml
2018-06-28 00:01:28.682  INFO 6424 --- [http-nio-8769-exec-6] s.c.a.AnnotationConfigApplicationContext : Closing org.springframework.context.annotation.AnnotationConfigApplicationContext@87f030b: startup date [Thu Jun 28 00:01:28 CST 2018]; root of context hierarchy
2018-06-28 00:05:27.379  INFO 6424 --- [http-nio-8769-exec-9] s.c.a.AnnotationConfigApplicationContext : Refreshing org.springframework.context.annotation.AnnotationConfigApplicationContext@55ed22c: startup date [Thu Jun 28 00:05:27 CST 2018]; root of context hierarchy
2018-06-28 00:05:27.386  INFO 6424 --- [http-nio-8769-exec-9] o.s.c.c.s.e.NativeEnvironmentRepository  : Adding property source: classpath:/shared/uaa-service-pro.yml
2018-06-28 00:05:27.386  INFO 6424 --- [http-nio-8769-exec-9] s.c.a.AnnotationConfigApplicationContext : Closing org.springframework.context.annotation.AnnotationConfigApplicationContext@55ed22c: startup date [Thu Jun 28 00:05:27 CST 2018]; root of context hierarchy
2018-06-28 00:05:34.952  INFO 6424 --- [http-nio-8769-exec-1] s.c.a.AnnotationConfigApplicationContext : Refreshing org.springframework.context.annotation.AnnotationConfigApplicationContext@3322053d: startup date [Thu Jun 28 00:05:34 CST 2018]; root of context hierarchy
2018-06-28 00:05:34.961  INFO 6424 --- [http-nio-8769-exec-1] o.s.c.c.s.e.NativeEnvironmentRepository  : Adding property source: classpath:/shared/uaa-service-pro.yml
2018-06-28 00:05:34.961  INFO 6424 --- [http-nio-8769-exec-1] s.c.a.AnnotationConfigApplicationContext : Closing org.springframework.context.annotation.AnnotationConfigApplicationContext@3322053d: startup date [Thu Jun 28 00:05:34 CST 2018]; root of context hierarchy
2018-06-28 00:06:45.870  INFO 6424 --- [http-nio-8769-exec-3] s.c.a.AnnotationConfigApplicationContext : Refreshing org.springframework.context.annotation.AnnotationConfigApplicationContext@56d3dc0a: startup date [Thu Jun 28 00:06:45 CST 2018]; root of context hierarchy
2018-06-28 00:06:45.871  INFO 6424 --- [http-nio-8769-exec-4] s.c.a.AnnotationConfigApplicationContext : Refreshing org.springframework.context.annotation.AnnotationConfigApplicationContext@686a8ffe: startup date [Thu Jun 28 00:06:45 CST 2018]; root of context hierarchy
2018-06-28 00:06:45.876  INFO 6424 --- [http-nio-8769-exec-3] o.s.c.c.s.e.NativeEnvironmentRepository  : Adding property source: classpath:/shared/gateway-service-pro.yml
2018-06-28 00:06:45.876  INFO 6424 --- [http-nio-8769-exec-4] o.s.c.c.s.e.NativeEnvironmentRepository  : Adding property source: classpath:/shared/monitoring-service-pro.yml
2018-06-28 00:06:45.876  INFO 6424 --- [http-nio-8769-exec-3] s.c.a.AnnotationConfigApplicationContext : Closing org.springframework.context.annotation.AnnotationConfigApplicationContext@56d3dc0a: startup date [Thu Jun 28 00:06:45 CST 2018]; root of context hierarchy
2018-06-28 00:06:45.876  INFO 6424 --- [http-nio-8769-exec-4] s.c.a.AnnotationConfigApplicationContext : Closing org.springframework.context.annotation.AnnotationConfigApplicationContext@686a8ffe: startup date [Thu Jun 28 00:06:45 CST 2018]; root of context hierarchy
2018-06-28 00:11:36.926  INFO 6424 --- [http-nio-8769-exec-6] s.c.a.AnnotationConfigApplicationContext : Refreshing org.springframework.context.annotation.AnnotationConfigApplicationContext@84544b9: startup date [Thu Jun 28 00:11:36 CST 2018]; root of context hierarchy
2018-06-28 00:11:36.931  INFO 6424 --- [http-nio-8769-exec-6] o.s.c.c.s.e.NativeEnvironmentRepository  : Adding property source: classpath:/shared/uaa-service-pro.yml
2018-06-28 00:11:36.932  INFO 6424 --- [http-nio-8769-exec-6] s.c.a.AnnotationConfigApplicationContext : Closing org.springframework.context.annotation.AnnotationConfigApplicationContext@84544b9: startup date [Thu Jun 28 00:11:36 CST 2018]; root of context hierarchy
2018-06-28 00:11:45.612  INFO 6424 --- [http-nio-8769-exec-9] s.c.a.AnnotationConfigApplicationContext : Refreshing org.springframework.context.annotation.AnnotationConfigApplicationContext@5ce59944: startup date [Thu Jun 28 00:11:45 CST 2018]; root of context hierarchy
2018-06-28 00:11:45.617  INFO 6424 --- [http-nio-8769-exec-9] o.s.c.c.s.e.NativeEnvironmentRepository  : Adding property source: classpath:/shared/uaa-service-pro.yml
2018-06-28 00:11:45.618  INFO 6424 --- [http-nio-8769-exec-9] s.c.a.AnnotationConfigApplicationContext : Closing org.springframework.context.annotation.AnnotationConfigApplicationContext@5ce59944: startup date [Thu Jun 28 00:11:45 CST 2018]; root of context hierarchy
2018-06-28 00:11:56.093  INFO 6424 --- [http-nio-8769-exec-1] s.c.a.AnnotationConfigApplicationContext : Refreshing org.springframework.context.annotation.AnnotationConfigApplicationContext@3cf49667: startup date [Thu Jun 28 00:11:56 CST 2018]; root of context hierarchy
2018-06-28 00:11:56.093  INFO 6424 --- [http-nio-8769-exec-2] s.c.a.AnnotationConfigApplicationContext : Refreshing org.springframework.context.annotation.AnnotationConfigApplicationContext@11f44ef7: startup date [Thu Jun 28 00:11:56 CST 2018]; root of context hierarchy
2018-06-28 00:11:56.103  INFO 6424 --- [http-nio-8769-exec-2] o.s.c.c.s.e.NativeEnvironmentRepository  : Adding property source: classpath:/shared/gateway-service-pro.yml
2018-06-28 00:11:56.103  INFO 6424 --- [http-nio-8769-exec-1] o.s.c.c.s.e.NativeEnvironmentRepository  : Adding property source: classpath:/shared/monitoring-service-pro.yml
2018-06-28 00:11:56.103  INFO 6424 --- [http-nio-8769-exec-2] s.c.a.AnnotationConfigApplicationContext : Closing org.springframework.context.annotation.AnnotationConfigApplicationContext@11f44ef7: startup date [Thu Jun 28 00:11:56 CST 2018]; root of context hierarchy
2018-06-28 00:11:56.103  INFO 6424 --- [http-nio-8769-exec-1] s.c.a.AnnotationConfigApplicationContext : Closing org.springframework.context.annotation.AnnotationConfigApplicationContext@3cf49667: startup date [Thu Jun 28 00:11:56 CST 2018]; root of context hierarchy
2018-06-28 00:12:25.042  INFO 6424 --- [Thread-16] ConfigServletWebServerApplicationContext : Closing org.springframework.boot.web.servlet.context.AnnotationConfigServletWebServerApplicationContext@3f57bcad: startup date [Wed Jun 27 23:44:41 CST 2018]; parent: org.springframework.context.annotation.AnnotationConfigApplicationContext@c33b74f
2018-06-28 00:12:25.045  INFO 6424 --- [Thread-16] o.s.j.e.a.AnnotationMBeanExporter        : Unregistering JMX-exposed beans on shutdown
2018-06-28 00:12:25.045  INFO 6424 --- [Thread-16] o.s.j.e.a.AnnotationMBeanExporter        : Unregistering JMX-exposed beans
2018-06-28 00:13:23.236  INFO 6553 --- [main] c.c.c.ConfigServerApplication            : The following profiles are active: native
2018-06-28 00:13:23.248  INFO 6553 --- [main] ConfigServletWebServerApplicationContext : Refreshing org.springframework.boot.web.servlet.context.AnnotationConfigServletWebServerApplicationContext@4671115f: startup date [Thu Jun 28 00:13:23 CST 2018]; parent: org.springframework.context.annotation.AnnotationConfigApplicationContext@7193666c
2018-06-28 00:13:23.976  INFO 6553 --- [main] o.s.cloud.context.scope.GenericScope     : BeanFactory id=a163e405-b73c-3b8a-a4d1-13f157e608e7
2018-06-28 00:13:24.013  INFO 6553 --- [main] trationDelegate$BeanPostProcessorChecker : Bean 'org.springframework.cloud.autoconfigure.ConfigurationPropertiesRebinderAutoConfiguration' of type [org.springframework.cloud.autoconfigure.ConfigurationPropertiesRebinderAutoConfiguration$$EnhancerBySpringCGLIB$$ded0179] is not eligible for getting processed by all BeanPostProcessors (for example: not eligible for auto-proxying)
2018-06-28 00:13:24.195  INFO 6553 --- [main] o.s.b.w.embedded.tomcat.TomcatWebServer  : Tomcat initialized with port(s): 8769 (http)
2018-06-28 00:13:24.220  INFO 6553 --- [main] o.apache.catalina.core.StandardService   : Starting service [Tomcat]
2018-06-28 00:13:24.221  INFO 6553 --- [main] org.apache.catalina.core.StandardEngine  : Starting Servlet Engine: Apache Tomcat/8.5.31
2018-06-28 00:13:24.224  INFO 6553 --- [localhost-startStop-1] o.a.catalina.core.AprLifecycleListener   : The APR based Apache Tomcat Native library which allows optimal performance in production environments was not found on the java.library.path: [/Users/fuxuelong/Library/Java/Extensions:/Library/Java/Extensions:/Network/Library/Java/Extensions:/System/Library/Java/Extensions:/usr/lib/java:.]
2018-06-28 00:13:24.333  INFO 6553 --- [localhost-startStop-1] o.a.c.c.C.[Tomcat].[localhost].[/]       : Initializing Spring embedded WebApplicationContext
2018-06-28 00:13:24.333  INFO 6553 --- [localhost-startStop-1] o.s.web.context.ContextLoader            : Root WebApplicationContext: initialization completed in 1085 ms
2018-06-28 00:13:25.530  INFO 6553 --- [localhost-startStop-1] o.s.b.w.servlet.ServletRegistrationBean  : Servlet dispatcherServlet mapped to [/]
2018-06-28 00:13:25.534  INFO 6553 --- [localhost-startStop-1] o.s.b.w.servlet.FilterRegistrationBean   : Mapping filter: 'characterEncodingFilter' to: [/*]
2018-06-28 00:13:25.535  INFO 6553 --- [localhost-startStop-1] o.s.b.w.servlet.FilterRegistrationBean   : Mapping filter: 'hiddenHttpMethodFilter' to: [/*]
2018-06-28 00:13:25.535  INFO 6553 --- [localhost-startStop-1] o.s.b.w.servlet.FilterRegistrationBean   : Mapping filter: 'httpPutFormContentFilter' to: [/*]
2018-06-28 00:13:25.535  INFO 6553 --- [localhost-startStop-1] o.s.b.w.servlet.FilterRegistrationBean   : Mapping filter: 'requestContextFilter' to: [/*]
2018-06-28 00:13:25.535  INFO 6553 --- [localhost-startStop-1] o.s.b.w.servlet.FilterRegistrationBean   : Mapping filter: 'httpTraceFilter' to: [/*]
2018-06-28 00:13:25.536  INFO 6553 --- [localhost-startStop-1] o.s.b.w.servlet.FilterRegistrationBean   : Mapping filter: 'webMvcMetricsFilter' to: [/*]
2018-06-28 00:13:25.732  INFO 6553 --- [main] o.s.w.s.handler.SimpleUrlHandlerMapping  : Mapped URL path [/**/favicon.ico] onto handler of type [class org.springframework.web.servlet.resource.ResourceHttpRequestHandler]
2018-06-28 00:13:25.895  INFO 6553 --- [main] s.w.s.m.m.a.RequestMappingHandlerAdapter : Looking for @ControllerAdvice: org.springframework.boot.web.servlet.context.AnnotationConfigServletWebServerApplicationContext@4671115f: startup date [Thu Jun 28 00:13:23 CST 2018]; parent: org.springframework.context.annotation.AnnotationConfigApplicationContext@7193666c
2018-06-28 00:13:25.933  INFO 6553 --- [main] s.w.s.m.m.a.RequestMappingHandlerMapping : Mapped "{[/error]}" onto public org.springframework.http.ResponseEntity<java.util.Map<java.lang.String, java.lang.Object>> org.springframework.boot.autoconfigure.web.servlet.error.BasicErrorController.error(javax.servlet.http.HttpServletRequest)
2018-06-28 00:13:25.934  INFO 6553 --- [main] s.w.s.m.m.a.RequestMappingHandlerMapping : Mapped "{[/error],produces=[text/html]}" onto public org.springframework.web.servlet.ModelAndView org.springframework.boot.autoconfigure.web.servlet.error.BasicErrorController.errorHtml(javax.servlet.http.HttpServletRequest,javax.servlet.http.HttpServletResponse)
2018-06-28 00:13:25.942  INFO 6553 --- [main] s.w.s.m.m.a.RequestMappingHandlerMapping : Mapped "{[/encrypt],methods=[POST]}" onto public java.lang.String org.springframework.cloud.config.server.encryption.EncryptionController.encrypt(java.lang.String,org.springframework.http.MediaType)
2018-06-28 00:13:25.942  INFO 6553 --- [main] s.w.s.m.m.a.RequestMappingHandlerMapping : Mapped "{[/encrypt/{name}/{profiles}],methods=[POST]}" onto public java.lang.String org.springframework.cloud.config.server.encryption.EncryptionController.encrypt(java.lang.String,java.lang.String,java.lang.String,org.springframework.http.MediaType)
2018-06-28 00:13:25.942  INFO 6553 --- [main] s.w.s.m.m.a.RequestMappingHandlerMapping : Mapped "{[/decrypt/{name}/{profiles}],methods=[POST]}" onto public java.lang.String org.springframework.cloud.config.server.encryption.EncryptionController.decrypt(java.lang.String,java.lang.String,java.lang.String,org.springframework.http.MediaType)
2018-06-28 00:13:25.943  INFO 6553 --- [main] s.w.s.m.m.a.RequestMappingHandlerMapping : Mapped "{[/decrypt],methods=[POST]}" onto public java.lang.String org.springframework.cloud.config.server.encryption.EncryptionController.decrypt(java.lang.String,org.springframework.http.MediaType)
2018-06-28 00:13:25.943  INFO 6553 --- [main] s.w.s.m.m.a.RequestMappingHandlerMapping : Mapped "{[/encrypt/status],methods=[GET]}" onto public java.util.Map<java.lang.String, java.lang.Object> org.springframework.cloud.config.server.encryption.EncryptionController.status()
2018-06-28 00:13:25.943  INFO 6553 --- [main] s.w.s.m.m.a.RequestMappingHandlerMapping : Mapped "{[/key],methods=[GET]}" onto public java.lang.String org.springframework.cloud.config.server.encryption.EncryptionController.getPublicKey()
2018-06-28 00:13:25.943  INFO 6553 --- [main] s.w.s.m.m.a.RequestMappingHandlerMapping : Mapped "{[/key/{name}/{profiles}],methods=[GET]}" onto public java.lang.String org.springframework.cloud.config.server.encryption.EncryptionController.getPublicKey(java.lang.String,java.lang.String)
2018-06-28 00:13:25.948  INFO 6553 --- [main] s.w.s.m.m.a.RequestMappingHandlerMapping : Mapped "{[/{name}-{profiles}.yml || /{name}-{profiles}.yaml],methods=[GET]}" onto public org.springframework.http.ResponseEntity<java.lang.String> org.springframework.cloud.config.server.environment.EnvironmentController.yaml(java.lang.String,java.lang.String,boolean) throws java.lang.Exception
2018-06-28 00:13:25.949  INFO 6553 --- [main] s.w.s.m.m.a.RequestMappingHandlerMapping : Mapped "{[/{name}/{profiles:.*[^-].*}],methods=[GET]}" onto public org.springframework.cloud.config.environment.Environment org.springframework.cloud.config.server.environment.EnvironmentController.defaultLabel(java.lang.String,java.lang.String)
2018-06-28 00:13:25.949  INFO 6553 --- [main] s.w.s.m.m.a.RequestMappingHandlerMapping : Mapped "{[/{name}/{profiles}/{label:.*}],methods=[GET]}" onto public org.springframework.cloud.config.environment.Environment org.springframework.cloud.config.server.environment.EnvironmentController.labelled(java.lang.String,java.lang.String,java.lang.String)
2018-06-28 00:13:25.950  INFO 6553 --- [main] s.w.s.m.m.a.RequestMappingHandlerMapping : Mapped "{[/{label}/{name}-{profiles}.properties],methods=[GET]}" onto public org.springframework.http.ResponseEntity<java.lang.String> org.springframework.cloud.config.server.environment.EnvironmentController.labelledProperties(java.lang.String,java.lang.String,java.lang.String,boolean) throws java.io.IOException
2018-06-28 00:13:25.950  INFO 6553 --- [main] s.w.s.m.m.a.RequestMappingHandlerMapping : Mapped "{[/{name}-{profiles}.json],methods=[GET]}" onto public org.springframework.http.ResponseEntity<java.lang.String> org.springframework.cloud.config.server.environment.EnvironmentController.jsonProperties(java.lang.String,java.lang.String,boolean) throws java.lang.Exception
2018-06-28 00:13:25.950  INFO 6553 --- [main] s.w.s.m.m.a.RequestMappingHandlerMapping : Mapped "{[/{label}/{name}-{profiles}.json],methods=[GET]}" onto public org.springframework.http.ResponseEntity<java.lang.String> org.springframework.cloud.config.server.environment.EnvironmentController.labelledJsonProperties(java.lang.String,java.lang.String,java.lang.String,boolean) throws java.lang.Exception
2018-06-28 00:13:25.951  INFO 6553 --- [main] s.w.s.m.m.a.RequestMappingHandlerMapping : Mapped "{[/{label}/{name}-{profiles}.yml || /{label}/{name}-{profiles}.yaml],methods=[GET]}" onto public org.springframework.http.ResponseEntity<java.lang.String> org.springframework.cloud.config.server.environment.EnvironmentController.labelledYaml(java.lang.String,java.lang.String,java.lang.String,boolean) throws java.lang.Exception
2018-06-28 00:13:25.951  INFO 6553 --- [main] s.w.s.m.m.a.RequestMappingHandlerMapping : Mapped "{[/{name}-{profiles}.properties],methods=[GET]}" onto public org.springframework.http.ResponseEntity<java.lang.String> org.springframework.cloud.config.server.environment.EnvironmentController.properties(java.lang.String,java.lang.String,boolean) throws java.io.IOException
2018-06-28 00:13:25.954  INFO 6553 --- [main] s.w.s.m.m.a.RequestMappingHandlerMapping : Mapped "{[/{name}/{profile}/{label}/**],methods=[GET],produces=[application/octet-stream]}" onto public synchronized byte[] org.springframework.cloud.config.server.resource.ResourceController.binary(java.lang.String,java.lang.String,java.lang.String,javax.servlet.http.HttpServletRequest) throws java.io.IOException
2018-06-28 00:13:25.956  INFO 6553 --- [main] s.w.s.m.m.a.RequestMappingHandlerMapping : Mapped "{[/{name}/{profile}/**],methods=[GET],params=[useDefaultLabel]}" onto public java.lang.String org.springframework.cloud.config.server.resource.ResourceController.retrieve(java.lang.String,java.lang.String,javax.servlet.http.HttpServletRequest,boolean) throws java.io.IOException
2018-06-28 00:13:25.958  INFO 6553 --- [main] s.w.s.m.m.a.RequestMappingHandlerMapping : Mapped "{[/{name}/{profile}/{label}/**],methods=[GET]}" onto public java.lang.String org.springframework.cloud.config.server.resource.ResourceController.retrieve(java.lang.String,java.lang.String,java.lang.String,javax.servlet.http.HttpServletRequest,boolean) throws java.io.IOException
2018-06-28 00:13:25.978  INFO 6553 --- [main] o.s.w.s.handler.SimpleUrlHandlerMapping  : Mapped URL path [/webjars/**] onto handler of type [class org.springframework.web.servlet.resource.ResourceHttpRequestHandler]
2018-06-28 00:13:25.978  INFO 6553 --- [main] o.s.w.s.handler.SimpleUrlHandlerMapping  : Mapped URL path [/**] onto handler of type [class org.springframework.web.servlet.resource.ResourceHttpRequestHandler]
2018-06-28 00:13:26.400  INFO 6553 --- [main] o.s.b.a.e.web.EndpointLinksResolver      : Exposing 17 endpoint(s) beneath base path '/actuator'
2018-06-28 00:13:26.408  INFO 6553 --- [main] s.b.a.e.w.s.WebMvcEndpointHandlerMapping : Mapped "{[/actuator/auditevents],methods=[GET],produces=[application/vnd.spring-boot.actuator.v2+json || application/json]}" onto public java.lang.Object org.springframework.boot.actuate.endpoint.web.servlet.AbstractWebMvcEndpointHandlerMapping$OperationHandler.handle(javax.servlet.http.HttpServletRequest,java.util.Map<java.lang.String, java.lang.String>)
2018-06-28 00:13:26.409  INFO 6553 --- [main] s.b.a.e.w.s.WebMvcEndpointHandlerMapping : Mapped "{[/actuator/beans],methods=[GET],produces=[application/vnd.spring-boot.actuator.v2+json || application/json]}" onto public java.lang.Object org.springframework.boot.actuate.endpoint.web.servlet.AbstractWebMvcEndpointHandlerMapping$OperationHandler.handle(javax.servlet.http.HttpServletRequest,java.util.Map<java.lang.String, java.lang.String>)
2018-06-28 00:13:26.409  INFO 6553 --- [main] s.b.a.e.w.s.WebMvcEndpointHandlerMapping : Mapped "{[/actuator/health],methods=[GET],produces=[application/vnd.spring-boot.actuator.v2+json || application/json]}" onto public java.lang.Object org.springframework.boot.actuate.endpoint.web.servlet.AbstractWebMvcEndpointHandlerMapping$OperationHandler.handle(javax.servlet.http.HttpServletRequest,java.util.Map<java.lang.String, java.lang.String>)
2018-06-28 00:13:26.409  INFO 6553 --- [main] s.b.a.e.w.s.WebMvcEndpointHandlerMapping : Mapped "{[/actuator/conditions],methods=[GET],produces=[application/vnd.spring-boot.actuator.v2+json || application/json]}" onto public java.lang.Object org.springframework.boot.actuate.endpoint.web.servlet.AbstractWebMvcEndpointHandlerMapping$OperationHandler.handle(javax.servlet.http.HttpServletRequest,java.util.Map<java.lang.String, java.lang.String>)
2018-06-28 00:13:26.409  INFO 6553 --- [main] s.b.a.e.w.s.WebMvcEndpointHandlerMapping : Mapped "{[/actuator/configprops],methods=[GET],produces=[application/vnd.spring-boot.actuator.v2+json || application/json]}" onto public java.lang.Object org.springframework.boot.actuate.endpoint.web.servlet.AbstractWebMvcEndpointHandlerMapping$OperationHandler.handle(javax.servlet.http.HttpServletRequest,java.util.Map<java.lang.String, java.lang.String>)
2018-06-28 00:13:26.410  INFO 6553 --- [main] s.b.a.e.w.s.WebMvcEndpointHandlerMapping : Mapped "{[/actuator/env],methods=[GET],produces=[application/vnd.spring-boot.actuator.v2+json || application/json]}" onto public java.lang.Object org.springframework.boot.actuate.endpoint.web.servlet.AbstractWebMvcEndpointHandlerMapping$OperationHandler.handle(javax.servlet.http.HttpServletRequest,java.util.Map<java.lang.String, java.lang.String>)
2018-06-28 00:13:26.410  INFO 6553 --- [main] s.b.a.e.w.s.WebMvcEndpointHandlerMapping : Mapped "{[/actuator/env/{toMatch}],methods=[GET],produces=[application/vnd.spring-boot.actuator.v2+json || application/json]}" onto public java.lang.Object org.springframework.boot.actuate.endpoint.web.servlet.AbstractWebMvcEndpointHandlerMapping$OperationHandler.handle(javax.servlet.http.HttpServletRequest,java.util.Map<java.lang.String, java.lang.String>)
2018-06-28 00:13:26.410  INFO 6553 --- [main] s.b.a.e.w.s.WebMvcEndpointHandlerMapping : Mapped "{[/actuator/env],methods=[POST],consumes=[application/vnd.spring-boot.actuator.v2+json || application/json],produces=[application/vnd.spring-boot.actuator.v2+json || application/json]}" onto public java.lang.Object org.springframework.boot.actuate.endpoint.web.servlet.AbstractWebMvcEndpointHandlerMapping$OperationHandler.handle(javax.servlet.http.HttpServletRequest,java.util.Map<java.lang.String, java.lang.String>)
2018-06-28 00:13:26.411  INFO 6553 --- [main] s.b.a.e.w.s.WebMvcEndpointHandlerMapping : Mapped "{[/actuator/env],methods=[DELETE],produces=[application/vnd.spring-boot.actuator.v2+json || application/json]}" onto public java.lang.Object org.springframework.boot.actuate.endpoint.web.servlet.AbstractWebMvcEndpointHandlerMapping$OperationHandler.handle(javax.servlet.http.HttpServletRequest,java.util.Map<java.lang.String, java.lang.String>)
2018-06-28 00:13:26.411  INFO 6553 --- [main] s.b.a.e.w.s.WebMvcEndpointHandlerMapping : Mapped "{[/actuator/info],methods=[GET],produces=[application/vnd.spring-boot.actuator.v2+json || application/json]}" onto public java.lang.Object org.springframework.boot.actuate.endpoint.web.servlet.AbstractWebMvcEndpointHandlerMapping$OperationHandler.handle(javax.servlet.http.HttpServletRequest,java.util.Map<java.lang.String, java.lang.String>)
2018-06-28 00:13:26.411  INFO 6553 --- [main] s.b.a.e.w.s.WebMvcEndpointHandlerMapping : Mapped "{[/actuator/logfile],methods=[GET],produces=[application/octet-stream]}" onto public java.lang.Object org.springframework.boot.actuate.endpoint.web.servlet.AbstractWebMvcEndpointHandlerMapping$OperationHandler.handle(javax.servlet.http.HttpServletRequest,java.util.Map<java.lang.String, java.lang.String>)
2018-06-28 00:13:26.411  INFO 6553 --- [main] s.b.a.e.w.s.WebMvcEndpointHandlerMapping : Mapped "{[/actuator/loggers],methods=[GET],produces=[application/vnd.spring-boot.actuator.v2+json || application/json]}" onto public java.lang.Object org.springframework.boot.actuate.endpoint.web.servlet.AbstractWebMvcEndpointHandlerMapping$OperationHandler.handle(javax.servlet.http.HttpServletRequest,java.util.Map<java.lang.String, java.lang.String>)
2018-06-28 00:13:26.411  INFO 6553 --- [main] s.b.a.e.w.s.WebMvcEndpointHandlerMapping : Mapped "{[/actuator/loggers/{name}],methods=[GET],produces=[application/vnd.spring-boot.actuator.v2+json || application/json]}" onto public java.lang.Object org.springframework.boot.actuate.endpoint.web.servlet.AbstractWebMvcEndpointHandlerMapping$OperationHandler.handle(javax.servlet.http.HttpServletRequest,java.util.Map<java.lang.String, java.lang.String>)
2018-06-28 00:13:26.412  INFO 6553 --- [main] s.b.a.e.w.s.WebMvcEndpointHandlerMapping : Mapped "{[/actuator/loggers/{name}],methods=[POST],consumes=[application/vnd.spring-boot.actuator.v2+json || application/json]}" onto public java.lang.Object org.springframework.boot.actuate.endpoint.web.servlet.AbstractWebMvcEndpointHandlerMapping$OperationHandler.handle(javax.servlet.http.HttpServletRequest,java.util.Map<java.lang.String, java.lang.String>)
2018-06-28 00:13:26.412  INFO 6553 --- [main] s.b.a.e.w.s.WebMvcEndpointHandlerMapping : Mapped "{[/actuator/heapdump],methods=[GET],produces=[application/octet-stream]}" onto public java.lang.Object org.springframework.boot.actuate.endpoint.web.servlet.AbstractWebMvcEndpointHandlerMapping$OperationHandler.handle(javax.servlet.http.HttpServletRequest,java.util.Map<java.lang.String, java.lang.String>)
2018-06-28 00:13:26.412  INFO 6553 --- [main] s.b.a.e.w.s.WebMvcEndpointHandlerMapping : Mapped "{[/actuator/threaddump],methods=[GET],produces=[application/vnd.spring-boot.actuator.v2+json || application/json]}" onto public java.lang.Object org.springframework.boot.actuate.endpoint.web.servlet.AbstractWebMvcEndpointHandlerMapping$OperationHandler.handle(javax.servlet.http.HttpServletRequest,java.util.Map<java.lang.String, java.lang.String>)
2018-06-28 00:13:26.412  INFO 6553 --- [main] s.b.a.e.w.s.WebMvcEndpointHandlerMapping : Mapped "{[/actuator/metrics],methods=[GET],produces=[application/vnd.spring-boot.actuator.v2+json || application/json]}" onto public java.lang.Object org.springframework.boot.actuate.endpoint.web.servlet.AbstractWebMvcEndpointHandlerMapping$OperationHandler.handle(javax.servlet.http.HttpServletRequest,java.util.Map<java.lang.String, java.lang.String>)
2018-06-28 00:13:26.413  INFO 6553 --- [main] s.b.a.e.w.s.WebMvcEndpointHandlerMapping : Mapped "{[/actuator/metrics/{requiredMetricName}],methods=[GET],produces=[application/vnd.spring-boot.actuator.v2+json || application/json]}" onto public java.lang.Object org.springframework.boot.actuate.endpoint.web.servlet.AbstractWebMvcEndpointHandlerMapping$OperationHandler.handle(javax.servlet.http.HttpServletRequest,java.util.Map<java.lang.String, java.lang.String>)
2018-06-28 00:13:26.413  INFO 6553 --- [main] s.b.a.e.w.s.WebMvcEndpointHandlerMapping : Mapped "{[/actuator/scheduledtasks],methods=[GET],produces=[application/vnd.spring-boot.actuator.v2+json || application/json]}" onto public java.lang.Object org.springframework.boot.actuate.endpoint.web.servlet.AbstractWebMvcEndpointHandlerMapping$OperationHandler.handle(javax.servlet.http.HttpServletRequest,java.util.Map<java.lang.String, java.lang.String>)
2018-06-28 00:13:26.413  INFO 6553 --- [main] s.b.a.e.w.s.WebMvcEndpointHandlerMapping : Mapped "{[/actuator/httptrace],methods=[GET],produces=[application/vnd.spring-boot.actuator.v2+json || application/json]}" onto public java.lang.Object org.springframework.boot.actuate.endpoint.web.servlet.AbstractWebMvcEndpointHandlerMapping$OperationHandler.handle(javax.servlet.http.HttpServletRequest,java.util.Map<java.lang.String, java.lang.String>)
2018-06-28 00:13:26.413  INFO 6553 --- [main] s.b.a.e.w.s.WebMvcEndpointHandlerMapping : Mapped "{[/actuator/mappings],methods=[GET],produces=[application/vnd.spring-boot.actuator.v2+json || application/json]}" onto public java.lang.Object org.springframework.boot.actuate.endpoint.web.servlet.AbstractWebMvcEndpointHandlerMapping$OperationHandler.handle(javax.servlet.http.HttpServletRequest,java.util.Map<java.lang.String, java.lang.String>)
2018-06-28 00:13:26.413  INFO 6553 --- [main] s.b.a.e.w.s.WebMvcEndpointHandlerMapping : Mapped "{[/actuator/refresh],methods=[POST],produces=[application/vnd.spring-boot.actuator.v2+json || application/json]}" onto public java.lang.Object org.springframework.boot.actuate.endpoint.web.servlet.AbstractWebMvcEndpointHandlerMapping$OperationHandler.handle(javax.servlet.http.HttpServletRequest,java.util.Map<java.lang.String, java.lang.String>)
2018-06-28 00:13:26.414  INFO 6553 --- [main] s.b.a.e.w.s.WebMvcEndpointHandlerMapping : Mapped "{[/actuator/features],methods=[GET],produces=[application/vnd.spring-boot.actuator.v2+json || application/json]}" onto public java.lang.Object org.springframework.boot.actuate.endpoint.web.servlet.AbstractWebMvcEndpointHandlerMapping$OperationHandler.handle(javax.servlet.http.HttpServletRequest,java.util.Map<java.lang.String, java.lang.String>)
2018-06-28 00:13:26.414  INFO 6553 --- [main] s.b.a.e.w.s.WebMvcEndpointHandlerMapping : Mapped "{[/actuator],methods=[GET],produces=[application/vnd.spring-boot.actuator.v2+json || application/json]}" onto protected java.util.Map<java.lang.String, java.util.Map<java.lang.String, org.springframework.boot.actuate.endpoint.web.Link>> org.springframework.boot.actuate.endpoint.web.servlet.WebMvcEndpointHandlerMapping.links(javax.servlet.http.HttpServletRequest,javax.servlet.http.HttpServletResponse)
2018-06-28 00:13:26.447  INFO 6553 --- [main] o.s.j.e.a.AnnotationMBeanExporter        : Registering beans for JMX exposure on startup
2018-06-28 00:13:26.454  INFO 6553 --- [main] o.s.j.e.a.AnnotationMBeanExporter        : Bean with name 'environmentManager' has been autodetected for JMX exposure
2018-06-28 00:13:26.455  INFO 6553 --- [main] o.s.j.e.a.AnnotationMBeanExporter        : Bean with name 'configurationPropertiesRebinder' has been autodetected for JMX exposure
2018-06-28 00:13:26.455  INFO 6553 --- [main] o.s.j.e.a.AnnotationMBeanExporter        : Bean with name 'refreshScope' has been autodetected for JMX exposure
2018-06-28 00:13:26.458  INFO 6553 --- [main] o.s.j.e.a.AnnotationMBeanExporter        : Located managed bean 'environmentManager': registering with JMX server as MBean [org.springframework.cloud.context.environment:name=environmentManager,type=EnvironmentManager]
2018-06-28 00:13:26.463  INFO 6553 --- [main] o.s.j.e.a.AnnotationMBeanExporter        : Located managed bean 'refreshScope': registering with JMX server as MBean [org.springframework.cloud.context.scope.refresh:name=refreshScope,type=RefreshScope]
2018-06-28 00:13:26.470  INFO 6553 --- [main] o.s.j.e.a.AnnotationMBeanExporter        : Located managed bean 'configurationPropertiesRebinder': registering with JMX server as MBean [org.springframework.cloud.context.properties:name=configurationPropertiesRebinder,context=4671115f,type=ConfigurationPropertiesRebinder]
2018-06-28 00:13:26.549  INFO 6553 --- [main] o.s.b.w.embedded.tomcat.TomcatWebServer  : Tomcat started on port(s): 8769 (http) with context path ''
2018-06-28 00:13:26.557  INFO 6553 --- [main] c.c.c.ConfigServerApplication            : Started ConfigServerApplication in 4.51 seconds (JVM running for 5.162)
2018-06-28 00:13:27.341  INFO 6553 --- [RMI TCP Connection(6)-127.0.0.1] o.a.c.c.C.[Tomcat].[localhost].[/]       : Initializing Spring FrameworkServlet 'dispatcherServlet'
2018-06-28 00:13:27.341  INFO 6553 --- [RMI TCP Connection(6)-127.0.0.1] o.s.web.servlet.DispatcherServlet        : FrameworkServlet 'dispatcherServlet': initialization started
2018-06-28 00:13:27.357  INFO 6553 --- [RMI TCP Connection(6)-127.0.0.1] o.s.web.servlet.DispatcherServlet        : FrameworkServlet 'dispatcherServlet': initialization completed in 16 ms
2018-06-28 00:13:27.361  INFO 6553 --- [RMI TCP Connection(7)-127.0.0.1] s.c.a.AnnotationConfigApplicationContext : Refreshing org.springframework.context.annotation.AnnotationConfigApplicationContext@2b72127: startup date [Thu Jun 28 00:13:27 CST 2018]; root of context hierarchy
2018-06-28 00:13:27.393  INFO 6553 --- [RMI TCP Connection(7)-127.0.0.1] s.c.a.AnnotationConfigApplicationContext : Closing org.springframework.context.annotation.AnnotationConfigApplicationContext@2b72127: startup date [Thu Jun 28 00:13:27 CST 2018]; root of context hierarchy
2018-06-28 00:13:36.483  INFO 6553 --- [http-nio-8769-exec-1] s.c.a.AnnotationConfigApplicationContext : Refreshing org.springframework.context.annotation.AnnotationConfigApplicationContext@6819520a: startup date [Thu Jun 28 00:13:36 CST 2018]; root of context hierarchy
2018-06-28 00:13:36.524  INFO 6553 --- [http-nio-8769-exec-1] o.s.c.c.s.e.NativeEnvironmentRepository  : Adding property source: classpath:/shared/uaa-service-pro.yml
2018-06-28 00:13:36.524  INFO 6553 --- [http-nio-8769-exec-1] s.c.a.AnnotationConfigApplicationContext : Closing org.springframework.context.annotation.AnnotationConfigApplicationContext@6819520a: startup date [Thu Jun 28 00:13:36 CST 2018]; root of context hierarchy
2018-06-28 00:13:44.044  INFO 6553 --- [http-nio-8769-exec-3] s.c.a.AnnotationConfigApplicationContext : Refreshing org.springframework.context.annotation.AnnotationConfigApplicationContext@432d3a7a: startup date [Thu Jun 28 00:13:44 CST 2018]; root of context hierarchy
2018-06-28 00:13:44.052  INFO 6553 --- [http-nio-8769-exec-3] o.s.c.c.s.e.NativeEnvironmentRepository  : Adding property source: classpath:/shared/uaa-service-pro.yml
2018-06-28 00:13:44.052  INFO 6553 --- [http-nio-8769-exec-3] s.c.a.AnnotationConfigApplicationContext : Closing org.springframework.context.annotation.AnnotationConfigApplicationContext@432d3a7a: startup date [Thu Jun 28 00:13:44 CST 2018]; root of context hierarchy
2018-06-28 00:13:51.193  INFO 6553 --- [http-nio-8769-exec-4] s.c.a.AnnotationConfigApplicationContext : Refreshing org.springframework.context.annotation.AnnotationConfigApplicationContext@3ad27fa: startup date [Thu Jun 28 00:13:51 CST 2018]; root of context hierarchy
2018-06-28 00:13:51.198  INFO 6553 --- [http-nio-8769-exec-4] o.s.c.c.s.e.NativeEnvironmentRepository  : Adding property source: classpath:/shared/gateway-service-pro.yml
2018-06-28 00:13:51.198  INFO 6553 --- [http-nio-8769-exec-4] s.c.a.AnnotationConfigApplicationContext : Closing org.springframework.context.annotation.AnnotationConfigApplicationContext@3ad27fa: startup date [Thu Jun 28 00:13:51 CST 2018]; root of context hierarchy
2018-06-28 00:13:56.088  INFO 6553 --- [http-nio-8769-exec-6] s.c.a.AnnotationConfigApplicationContext : Refreshing org.springframework.context.annotation.AnnotationConfigApplicationContext@22be2d2e: startup date [Thu Jun 28 00:13:56 CST 2018]; root of context hierarchy
2018-06-28 00:13:56.100  INFO 6553 --- [http-nio-8769-exec-6] o.s.c.c.s.e.NativeEnvironmentRepository  : Adding property source: classpath:/shared/gateway-service-pro.yml
2018-06-28 00:13:56.100  INFO 6553 --- [http-nio-8769-exec-6] s.c.a.AnnotationConfigApplicationContext : Closing org.springframework.context.annotation.AnnotationConfigApplicationContext@22be2d2e: startup date [Thu Jun 28 00:13:56 CST 2018]; root of context hierarchy
2018-06-28 00:14:03.421  INFO 6553 --- [http-nio-8769-exec-8] s.c.a.AnnotationConfigApplicationContext : Refreshing org.springframework.context.annotation.AnnotationConfigApplicationContext@647ce7d2: startup date [Thu Jun 28 00:14:03 CST 2018]; root of context hierarchy
2018-06-28 00:14:03.426  INFO 6553 --- [http-nio-8769-exec-8] o.s.c.c.s.e.NativeEnvironmentRepository  : Adding property source: classpath:/shared/monitoring-service-pro.yml
2018-06-28 00:14:03.427  INFO 6553 --- [http-nio-8769-exec-8] s.c.a.AnnotationConfigApplicationContext : Closing org.springframework.context.annotation.AnnotationConfigApplicationContext@647ce7d2: startup date [Thu Jun 28 00:14:03 CST 2018]; root of context hierarchy
2018-06-28 00:14:08.106  INFO 6553 --- [http-nio-8769-exec-9] s.c.a.AnnotationConfigApplicationContext : Refreshing org.springframework.context.annotation.AnnotationConfigApplicationContext@72567e87: startup date [Thu Jun 28 00:14:08 CST 2018]; root of context hierarchy
2018-06-28 00:14:08.114  INFO 6553 --- [http-nio-8769-exec-9] o.s.c.c.s.e.NativeEnvironmentRepository  : Adding property source: classpath:/shared/monitoring-service-pro.yml
2018-06-28 00:14:08.114  INFO 6553 --- [http-nio-8769-exec-9] s.c.a.AnnotationConfigApplicationContext : Closing org.springframework.context.annotation.AnnotationConfigApplicationContext@72567e87: startup date [Thu Jun 28 00:14:08 CST 2018]; root of context hierarchy
2018-06-28 00:15:37.960  INFO 6553 --- [http-nio-8769-exec-1] s.c.a.AnnotationConfigApplicationContext : Refreshing org.springframework.context.annotation.AnnotationConfigApplicationContext@2fccaa88: startup date [Thu Jun 28 00:15:37 CST 2018]; root of context hierarchy
2018-06-28 00:15:37.967  INFO 6553 --- [http-nio-8769-exec-1] s.c.a.AnnotationConfigApplicationContext : Closing org.springframework.context.annotation.AnnotationConfigApplicationContext@2fccaa88: startup date [Thu Jun 28 00:15:37 CST 2018]; root of context hierarchy
2018-06-28 00:19:16.073  INFO 6553 --- [http-nio-8769-exec-3] s.c.a.AnnotationConfigApplicationContext : Refreshing org.springframework.context.annotation.AnnotationConfigApplicationContext@6712d95f: startup date [Thu Jun 28 00:19:16 CST 2018]; root of context hierarchy
2018-06-28 00:19:16.076  INFO 6553 --- [http-nio-8769-exec-4] s.c.a.AnnotationConfigApplicationContext : Refreshing org.springframework.context.annotation.AnnotationConfigApplicationContext@3b547596: startup date [Thu Jun 28 00:19:16 CST 2018]; root of context hierarchy
2018-06-28 00:19:16.083  INFO 6553 --- [http-nio-8769-exec-3] o.s.c.c.s.e.NativeEnvironmentRepository  : Adding property source: classpath:/shared/monitoring-service-pro.yml
2018-06-28 00:19:16.083  INFO 6553 --- [http-nio-8769-exec-3] s.c.a.AnnotationConfigApplicationContext : Closing org.springframework.context.annotation.AnnotationConfigApplicationContext@6712d95f: startup date [Thu Jun 28 00:19:16 CST 2018]; root of context hierarchy
2018-06-28 00:19:16.086  INFO 6553 --- [http-nio-8769-exec-4] o.s.c.c.s.e.NativeEnvironmentRepository  : Adding property source: classpath:/shared/gateway-service-pro.yml
2018-06-28 00:19:16.087  INFO 6553 --- [http-nio-8769-exec-4] s.c.a.AnnotationConfigApplicationContext : Closing org.springframework.context.annotation.AnnotationConfigApplicationContext@3b547596: startup date [Thu Jun 28 00:19:16 CST 2018]; root of context hierarchy
2018-06-28 00:19:39.845  INFO 6553 --- [Thread-18] ConfigServletWebServerApplicationContext : Closing org.springframework.boot.web.servlet.context.AnnotationConfigServletWebServerApplicationContext@4671115f: startup date [Thu Jun 28 00:13:23 CST 2018]; parent: org.springframework.context.annotation.AnnotationConfigApplicationContext@7193666c
2018-06-28 00:19:39.847  INFO 6553 --- [Thread-18] o.s.j.e.a.AnnotationMBeanExporter        : Unregistering JMX-exposed beans on shutdown
2018-06-28 00:19:39.848  INFO 6553 --- [Thread-18] o.s.j.e.a.AnnotationMBeanExporter        : Unregistering JMX-exposed beans
